<?xml version="1.0" encoding="UTF-8"?>
<testng-results skipped="0" failed="0" ignored="0" total="1" passed="1">
  <reporter-output>
  </reporter-output>
  <suite name="Suite1" duration-ms="29" started-at="2019-02-12T09:18:35Z" finished-at="2019-02-12T09:18:35Z">
    <groups>
    </groups>
    <test name="AnnotationTests" duration-ms="29" started-at="2019-02-12T09:18:35Z" finished-at="2019-02-12T09:18:35Z">
      <class name="com.qa.TestCases.Testingannotations">
        <test-method status="PASS" signature="Test1_suite()[pri:0, instance:com.qa.TestCases.Testingannotations@4883b407]" name="Test1_suite" is-config="true" duration-ms="10" started-at="2019-02-12T09:18:35Z" finished-at="2019-02-12T09:18:35Z">
          <reporter-output>
          </reporter-output>
        </test-method> <!-- Test1_suite -->
        <test-method status="PASS" signature="Test2_Test()[pri:0, instance:com.qa.TestCases.Testingannotations@4883b407]" name="Test2_Test" is-config="true" duration-ms="0" started-at="2019-02-12T09:18:35Z" finished-at="2019-02-12T09:18:35Z">
          <reporter-output>
          </reporter-output>
        </test-method> <!-- Test2_Test -->
        <test-method status="PASS" signature="Test3_Class()[pri:0, instance:com.qa.TestCases.Testingannotations@4883b407]" name="Test3_Class" is-config="true" duration-ms="1" started-at="2019-02-12T09:18:35Z" finished-at="2019-02-12T09:18:35Z">
          <reporter-output>
          </reporter-output>
        </test-method> <!-- Test3_Class -->
        <test-method status="PASS" signature="Test5_Test()[pri:0, instance:com.qa.TestCases.Testingannotations@4883b407]" name="Test5_Test" duration-ms="6" started-at="2019-02-12T09:18:35Z" finished-at="2019-02-12T09:18:35Z">
          <reporter-output>
          </reporter-output>
        </test-method> <!-- Test5_Test -->
        <test-method status="PASS" signature="Test4_Method()[pri:0, instance:com.qa.TestCases.Testingannotations@4883b407]" name="Test4_Method" is-config="true" duration-ms="0" started-at="2019-02-12T09:18:35Z" finished-at="2019-02-12T09:18:35Z">
          <reporter-output>
          </reporter-output>
        </test-method> <!-- Test4_Method -->
        <test-method status="PASS" signature="Test6_Method()[pri:0, instance:com.qa.TestCases.Testingannotations@4883b407]" name="Test6_Method" is-config="true" duration-ms="1" started-at="2019-02-12T09:18:35Z" finished-at="2019-02-12T09:18:35Z">
          <reporter-output>
          </reporter-output>
        </test-method> <!-- Test6_Method -->
        <test-method status="PASS" signature="Test9()[pri:0, instance:com.qa.TestCases.Testingannotations@4883b407]" name="Test9" is-config="true" duration-ms="0" started-at="2019-02-12T09:18:35Z" finished-at="2019-02-12T09:18:35Z">
          <reporter-output>
          </reporter-output>
        </test-method> <!-- Test9 -->
        <test-method status="PASS" signature="Test8()[pri:0, instance:com.qa.TestCases.Testingannotations@4883b407]" name="Test8" is-config="true" duration-ms="0" started-at="2019-02-12T09:18:35Z" finished-at="2019-02-12T09:18:35Z">
          <reporter-output>
          </reporter-output>
        </test-method> <!-- Test8 -->
        <test-method status="PASS" signature="Test7()[pri:0, instance:com.qa.TestCases.Testingannotations@4883b407]" name="Test7" is-config="true" duration-ms="1" started-at="2019-02-12T09:18:35Z" finished-at="2019-02-12T09:18:35Z">
          <reporter-output>
          </reporter-output>
        </test-method> <!-- Test7 -->
        <test-method status="PASS" signature="Test10()[pri:0, instance:com.qa.TestCases.Testingannotations@4883b407]" name="Test10" is-config="true" duration-ms="1" started-at="2019-02-12T09:18:35Z" finished-at="2019-02-12T09:18:35Z">
          <reporter-output>
          </reporter-output>
        </test-method> <!-- Test10 -->
      </class> <!-- com.qa.TestCases.Testingannotations -->
    </test> <!-- AnnotationTests -->
  </suite> <!-- Suite1 -->
</testng-results>
