<?xml version="1.0" encoding="UTF-8"?>
<!-- Generated by org.testng.reporters.JUnitXMLReporter -->
<testsuite hostname="RaviS5-MSD" ignored="0" name="CRMTest" tests="3" failures="0" timestamp="13 Dec 2018 07:32:20 GMT" time="0.23" errors="0">
  <testcase name="@BeforeMethod Setup" time="0.032" classname="com.qa.TestCases.LoginTest">
    <failure type="java.lang.NullPointerException">
      <![CDATA[java.lang.NullPointerException
at com.qa.Base.Base_Class.Intilization(Base_Class.java:54)
at com.qa.TestCases.LoginTest.Setup(LoginTest.java:29)
... Removed 28 stack frames]]>
    </failure>
  </testcase> <!-- @BeforeMethod Setup -->
  <testcase name="@AfterMethod TearDown" time="0.0" classname="com.qa.TestCases.LoginTest">
    <skipped/>
  </testcase> <!-- @AfterMethod TearDown -->
  <testcase name="@BeforeMethod Setup" time="0.0" classname="com.qa.TestCases.LoginTest">
    <skipped/>
  </testcase> <!-- @BeforeMethod Setup -->
  <testcase name="@AfterMethod TearDown" time="0.0" classname="com.qa.TestCases.LoginTest">
    <skipped/>
  </testcase> <!-- @AfterMethod TearDown -->
  <testcase name="Logintest" time="0.0" classname="com.qa.TestCases.LoginTest">
    <skipped/>
  </testcase> <!-- Logintest -->
  <testcase name="ValidateCRMLogo" time="0.0" classname="com.qa.TestCases.LoginTest">
    <skipped/>
  </testcase> <!-- ValidateCRMLogo -->
  <testcase name="ValidateTitlePage" time="0.0" classname="com.qa.TestCases.LoginTest">
    <skipped/>
  </testcase> <!-- ValidateTitlePage -->
</testsuite> <!-- CRMTest -->
