-------------------------------------------------------------------------------
Test set: com.qa.TestCases.LoginTest
-------------------------------------------------------------------------------
Tests run: 7, Failures: 1, Errors: 0, Skipped: 6, Time elapsed: 0.626 sec <<< FAILURE!
Setup(com.qa.TestCases.LoginTest)  Time elapsed: 0.386 sec  <<< FAILURE!
java.lang.NullPointerException
	at com.qa.Base.Base_Class.Intilization(Base_Class.java:45)
	at com.qa.TestCases.LoginTest.Setup(LoginTest.java:29)

